<?xml version="1.0" encoding="UTF-8"?>
<testsuite xmlns:xsi="http://www.w3.org/2001/XMLSchema-instance" xsi:noNamespaceSchemaLocation="https://maven.apache.org/surefire/maven-failsafe-plugin/xsd/failsafe-test-report.xsd" name="com.hp.mqm.analytics.devops.insights.services.SnapshotsServiceIT" time="346.649" tests="5" errors="0" skipped="0" failures="4">
  <properties>
[...]
</properties>
  <testcase name="snapshotServiceDeleteTestRunsWithMergedBuildTest[INDI Analytics]" classname="com.hp.mqm.analytics.devops.insights.services.SnapshotsServiceIT" time="87.064">
    <failure type="java.lang.AssertionError">java.lang.AssertionError
	at org.junit.Assert.fail(Assert.java:86)
	at org.junit.Assert.assertTrue(Assert.java:41)
	at org.junit.Assert.assertNotNull(Assert.java:712)
	at org.junit.Assert.assertNotNull(Assert.java:722)
	at com.hp.mqm.analytics.devops.insights.services.SnapshotsServiceIT.snapshotServiceDeleteTestRunsWithMergedBuildTest(SnapshotsServiceIT.java:580)
	at sun.reflect.NativeMethodAccessorImpl.invoke0(Native Method)
	at sun.reflect.NativeMethodAccessorImpl.invoke(NativeMethodAccessorImpl.java:62)
	at sun.reflect.DelegatingMethodAccessorImpl.invoke(DelegatingMethodAccessorImpl.java:43)
	at java.lang.reflect.Method.invoke(Method.java:497)
	at org.junit.runners.model.FrameworkMethod$1.runReflectiveCall(FrameworkMethod.java:50)
	at org.junit.internal.runners.model.ReflectiveCallable.run(ReflectiveCallable.java:12)
	at org.junit.runners.model.FrameworkMethod.invokeExplosively(FrameworkMethod.java:47)
	at org.junit.internal.runners.statements.InvokeMethod.evaluate(InvokeMethod.java:17)
	at org.junit.internal.runners.statements.RunBefores.evaluate(RunBefores.java:26)
	at org.junit.rules.TestWatcher$1.evaluate(TestWatcher.java:55)
	at org.junit.rules.RunRules.evaluate(RunRules.java:20)
	at org.junit.runners.ParentRunner.runLeaf(ParentRunner.java:325)
	at org.junit.runners.BlockJUnit4ClassRunner.runChild(BlockJUnit4ClassRunner.java:78)
	at junitparams.JUnitParamsRunner.runChild(JUnitParamsRunner.java:416)
	at junitparams.JUnitParamsRunner.runChild(JUnitParamsRunner.java:385)
	at org.junit.runners.ParentRunner$3.run(ParentRunner.java:290)
	at org.junit.runners.ParentRunner$1.schedule(ParentRunner.java:71)
	at org.junit.runners.ParentRunner.runChildren(ParentRunner.java:288)
	at org.junit.runners.ParentRunner.access$000(ParentRunner.java:58)
	at org.junit.runners.ParentRunner$2.evaluate(ParentRunner.java:268)
	at org.junit.internal.runners.statements.RunBefores.evaluate(RunBefores.java:26)
	at org.junit.internal.runners.statements.RunAfters.evaluate(RunAfters.java:27)
	at org.junit.runners.ParentRunner.run(ParentRunner.java:363)
	at org.junit.runners.Suite.runChild(Suite.java:128)
	at org.junit.runners.Suite.runChild(Suite.java:27)
	at org.junit.runners.ParentRunner$3.run(ParentRunner.java:290)
	at org.junit.runners.ParentRunner$1.schedule(ParentRunner.java:71)
	at org.junit.runners.ParentRunner.runChildren(ParentRunner.java:288)
	at org.junit.runners.ParentRunner.access$000(ParentRunner.java:58)
	at org.junit.runners.ParentRunner$2.evaluate(ParentRunner.java:268)
	at org.junit.runners.ParentRunner.run(ParentRunner.java:363)
	at org.apache.maven.surefire.junitcore.JUnitCore.run(JUnitCore.java:55)
	at org.apache.maven.surefire.junitcore.JUnitCoreWrapper.createRequestAndRun(JUnitCoreWrapper.java:137)
	at org.apache.maven.surefire.junitcore.JUnitCoreWrapper.executeLazy(JUnitCoreWrapper.java:119)
	at org.apache.maven.surefire.junitcore.JUnitCoreWrapper.execute(JUnitCoreWrapper.java:87)
	at org.apache.maven.surefire.junitcore.JUnitCoreWrapper.execute(JUnitCoreWrapper.java:75)
	at org.apache.maven.surefire.junitcore.JUnitCoreProvider.invoke(JUnitCoreProvider.java:158)
	at org.apache.maven.surefire.booter.ForkedBooter.invokeProviderInSameClassLoader(ForkedBooter.java:384)
	at org.apache.maven.surefire.booter.ForkedBooter.runSuitesInProcess(ForkedBooter.java:345)
	at org.apache.maven.surefire.booter.ForkedBooter.execute(ForkedBooter.java:126)
	at org.apache.maven.surefire.booter.ForkedBooter.main(ForkedBooter.java:418)
</failure>
    <system-out><![CDATA[>> test run in parallel on /fs_3
[FLOW] [208] Initializing MQM Context for class: SnapshotsServiceIT
[FLOW] [208] clearing active context...
[FLOW] [208] creating workspace context on isolated sharedspace for class: SnapshotsServiceIT
[FLOW] [208] found exactly one shared spaces with mode: ISOLATED. sharedspace id: 1002
[FLOW] [208] Assigning existing workspaces for isolated workspace context. workspace id = 2002
exception while waiting for pipeline node The entity type 'pipeline_run' does not have a field/s by name/s 'current_milestone'
149
exception while waiting for pipeline node The entity type 'pipeline_run' does not have a field/s by name/s 'current_milestone'
148
exception while waiting for pipeline node The entity type 'pipeline_run' does not have a field/s by name/s 'current_milestone'
147
exception while waiting for pipeline node The entity type 'pipeline_run' does not have a field/s by name/s 'current_milestone'
146
exception while waiting for pipeline node The entity type 'pipeline_run' does not have a field/s by name/s 'current_milestone'
145
exception while waiting for pipeline node The entity type 'pipeline_run' does not have a field/s by name/s 'current_milestone'
144
exception while waiting for pipeline node The entity type 'pipeline_run' does not have a field/s by name/s 'current_milestone'
143
exception while waiting for pipeline node The entity type 'pipeline_run' does not have a field/s by name/s 'current_milestone'
142
exception while waiting for pipeline node The entity type 'pipeline_run' does not have a field/s by name/s 'current_milestone'
141
exception while waiting for pipeline node The entity type 'pipeline_run' does not have a field/s by name/s 'current_milestone'
140
exception while waiting for pipeline node The entity type 'pipeline_run' does not have a field/s by name/s 'current_milestone'
139
exception while waiting for pipeline node The entity type 'pipeline_run' does not have a field/s by name/s 'current_milestone'
138
exception while waiting for pipeline node The entity type 'pipeline_run' does not have a field/s by name/s 'current_milestone'
137
exception while waiting for pipeline node The entity type 'pipeline_run' does not have a field/s by name/s 'current_milestone'
136
exception while waiting for pipeline node The entity type 'pipeline_run' does not have a field/s by name/s 'current_milestone'
135
exception while waiting for pipeline node The entity type 'pipeline_run' does not have a field/s by name/s 'current_milestone'
134
exception while waiting for pipeline node The entity type 'pipeline_run' does not have a field/s by name/s 'current_milestone'
133
exception while waiting for pipeline node The entity type 'pipeline_run' does not have a field/s by name/s 'current_milestone'
132
exception while waiting for pipeline node The entity type 'pipeline_run' does not have a field/s by name/s 'current_milestone'
131
exception while waiting for pipeline node The entity type 'pipeline_run' does not have a field/s by name/s 'current_milestone'
130
exception while waiting for pipeline node The entity type 'pipeline_run' does not have a field/s by name/s 'current_milestone'
129
exception while waiting for pipeline node The entity type 'pipeline_run' does not have a field/s by name/s 'current_milestone'
128
exception while waiting for pipeline node The entity type 'pipeline_run' does not have a field/s by name/s 'current_milestone'
127
exception while waiting for pipeline node The entity type 'pipeline_run' does not have a field/s by name/s 'current_milestone'
126
exception while waiting for pipeline node The entity type 'pipeline_run' does not have a field/s by name/s 'current_milestone'
125
exception while waiting for pipeline node The entity type 'pipeline_run' does not have a field/s by name/s 'current_milestone'
124
exception while waiting for pipeline node The entity type 'pipeline_run' does not have a field/s by name/s 'current_milestone'
123
exception while waiting for pipeline node The entity type 'pipeline_run' does not have a field/s by name/s 'current_milestone'
122
exception while waiting for pipeline node The entity type 'pipeline_run' does not have a field/s by name/s 'current_milestone'
121
exception while waiting for pipeline node The entity type 'pipeline_run' does not have a field/s by name/s 'current_milestone'
120
exception while waiting for pipeline node The entity type 'pipeline_run' does not have a field/s by name/s 'current_milestone'
119
exception while waiting for pipeline node The entity type 'pipeline_run' does not have a field/s by name/s 'current_milestone'
118
exception while waiting for pipeline node The entity type 'pipeline_run' does not have a field/s by name/s 'current_milestone'
117
exception while waiting for pipeline node The entity type 'pipeline_run' does not have a field/s by name/s 'current_milestone'
116
exception while waiting for pipeline node The entity type 'pipeline_run' does not have a field/s by name/s 'current_milestone'
115
exception while waiting for pipeline node The entity type 'pipeline_run' does not have a field/s by name/s 'current_milestone'
114
exception while waiting for pipeline node The entity type 'pipeline_run' does not have a field/s by name/s 'current_milestone'
113
exception while waiting for pipeline node The entity type 'pipeline_run' does not have a field/s by name/s 'current_milestone'
112
exception while waiting for pipeline node The entity type 'pipeline_run' does not have a field/s by name/s 'current_milestone'
111
exception while waiting for pipeline node The entity type 'pipeline_run' does not have a field/s by name/s 'current_milestone'
110
exception while waiting for pipeline node The entity type 'pipeline_run' does not have a field/s by name/s 'current_milestone'
109
exception while waiting for pipeline node The entity type 'pipeline_run' does not have a field/s by name/s 'current_milestone'
108
exception while waiting for pipeline node The entity type 'pipeline_run' does not have a field/s by name/s 'current_milestone'
107
exception while waiting for pipeline node The entity type 'pipeline_run' does not have a field/s by name/s 'current_milestone'
106
exception while waiting for pipeline node The entity type 'pipeline_run' does not have a field/s by name/s 'current_milestone'
105
exception while waiting for pipeline node The entity type 'pipeline_run' does not have a field/s by name/s 'current_milestone'
104
exception while waiting for pipeline node The entity type 'pipeline_run' does not have a field/s by name/s 'current_milestone'
103
exception while waiting for pipeline node The entity type 'pipeline_run' does not have a field/s by name/s 'current_milestone'
102
exception while waiting for pipeline node The entity type 'pipeline_run' does not have a field/s by name/s 'current_milestone'
101
exception while waiting for pipeline node The entity type 'pipeline_run' does not have a field/s by name/s 'current_milestone'
100
exception while waiting for pipeline node The entity type 'pipeline_run' does not have a field/s by name/s 'current_milestone'
99
exception while waiting for pipeline node The entity type 'pipeline_run' does not have a field/s by name/s 'current_milestone'
98
exception while waiting for pipeline node The entity type 'pipeline_run' does not have a field/s by name/s 'current_milestone'
97
exception while waiting for pipeline node The entity type 'pipeline_run' does not have a field/s by name/s 'current_milestone'
96
exception while waiting for pipeline node The entity type 'pipeline_run' does not have a field/s by name/s 'current_milestone'
95
exception while waiting for pipeline node The entity type 'pipeline_run' does not have a field/s by name/s 'current_milestone'
94
exception while waiting for pipeline node The entity type 'pipeline_run' does not have a field/s by name/s 'current_milestone'
93
exception while waiting for pipeline node The entity type 'pipeline_run' does not have a field/s by name/s 'current_milestone'
92
exception while waiting for pipeline node The entity type 'pipeline_run' does not have a field/s by name/s 'current_milestone'
91
exception while waiting for pipeline node The entity type 'pipeline_run' does not have a field/s by name/s 'current_milestone'
90
exception while waiting for pipeline node The entity type 'pipeline_run' does not have a field/s by name/s 'current_milestone'
89
exception while waiting for pipeline node The entity type 'pipeline_run' does not have a field/s by name/s 'current_milestone'
88
exception while waiting for pipeline node The entity type 'pipeline_run' does not have a field/s by name/s 'current_milestone'
87
exception while waiting for pipeline node The entity type 'pipeline_run' does not have a field/s by name/s 'current_milestone'
86
exception while waiting for pipeline node The entity type 'pipeline_run' does not have a field/s by name/s 'current_milestone'
85
exception while waiting for pipeline node The entity type 'pipeline_run' does not have a field/s by name/s 'current_milestone'
84
exception while waiting for pipeline node The entity type 'pipeline_run' does not have a field/s by name/s 'current_milestone'
83
exception while waiting for pipeline node The entity type 'pipeline_run' does not have a field/s by name/s 'current_milestone'
82
exception while waiting for pipeline node The entity type 'pipeline_run' does not have a field/s by name/s 'current_milestone'
81
exception while waiting for pipeline node The entity type 'pipeline_run' does not have a field/s by name/s 'current_milestone'
80
exception while waiting for pipeline node The entity type 'pipeline_run' does not have a field/s by name/s 'current_milestone'
79
exception while waiting for pipeline node The entity type 'pipeline_run' does not have a field/s by name/s 'current_milestone'
78
exception while waiting for pipeline node The entity type 'pipeline_run' does not have a field/s by name/s 'current_milestone'
77
exception while waiting for pipeline node The entity type 'pipeline_run' does not have a field/s by name/s 'current_milestone'
76
exception while waiting for pipeline node The entity type 'pipeline_run' does not have a field/s by name/s 'current_milestone'
75
exception while waiting for pipeline node The entity type 'pipeline_run' does not have a field/s by name/s 'current_milestone'
74
exception while waiting for pipeline node The entity type 'pipeline_run' does not have a field/s by name/s 'current_milestone'
73
exception while waiting for pipeline node The entity type 'pipeline_run' does not have a field/s by name/s 'current_milestone'
72
exception while waiting for pipeline node The entity type 'pipeline_run' does not have a field/s by name/s 'current_milestone'
71
exception while waiting for pipeline node The entity type 'pipeline_run' does not have a field/s by name/s 'current_milestone'
70
exception while waiting for pipeline node The entity type 'pipeline_run' does not have a field/s by name/s 'current_milestone'
69
exception while waiting for pipeline node The entity type 'pipeline_run' does not have a field/s by name/s 'current_milestone'
68
exception while waiting for pipeline node The entity type 'pipeline_run' does not have a field/s by name/s 'current_milestone'
67
exception while waiting for pipeline node The entity type 'pipeline_run' does not have a field/s by name/s 'current_milestone'
66
exception while waiting for pipeline node The entity type 'pipeline_run' does not have a field/s by name/s 'current_milestone'
65
exception while waiting for pipeline node The entity type 'pipeline_run' does not have a field/s by name/s 'current_milestone'
64
exception while waiting for pipeline node The entity type 'pipeline_run' does not have a field/s by name/s 'current_milestone'
63
exception while waiting for pipeline node The entity type 'pipeline_run' does not have a field/s by name/s 'current_milestone'
62
exception while waiting for pipeline node The entity type 'pipeline_run' does not have a field/s by name/s 'current_milestone'
61
exception while waiting for pipeline node The entity type 'pipeline_run' does not have a field/s by name/s 'current_milestone'
60
exception while waiting for pipeline node The entity type 'pipeline_run' does not have a field/s by name/s 'current_milestone'
59
exception while waiting for pipeline node The entity type 'pipeline_run' does not have a field/s by name/s 'current_milestone'
58
exception while waiting for pipeline node The entity type 'pipeline_run' does not have a field/s by name/s 'current_milestone'
57
exception while waiting for pipeline node The entity type 'pipeline_run' does not have a field/s by name/s 'current_milestone'
56
exception while waiting for pipeline node The entity type 'pipeline_run' does not have a field/s by name/s 'current_milestone'
55
exception while waiting for pipeline node The entity type 'pipeline_run' does not have a field/s by name/s 'current_milestone'
54
exception while waiting for pipeline node The entity type 'pipeline_run' does not have a field/s by name/s 'current_milestone'
53
exception while waiting for pipeline node The entity type 'pipeline_run' does not have a field/s by name/s 'current_milestone'
52
exception while waiting for pipeline node The entity type 'pipeline_run' does not have a field/s by name/s 'current_milestone'
51
exception while waiting for pipeline node The entity type 'pipeline_run' does not have a field/s by name/s 'current_milestone'
50
exception while waiting for pipeline node The entity type 'pipeline_run' does not have a field/s by name/s 'current_milestone'
49
exception while waiting for pipeline node The entity type 'pipeline_run' does not have a field/s by name/s 'current_milestone'
48
exception while waiting for pipeline node The entity type 'pipeline_run' does not have a field/s by name/s 'current_milestone'
47
exception while waiting for pipeline node The entity type 'pipeline_run' does not have a field/s by name/s 'current_milestone'
46
exception while waiting for pipeline node The entity type 'pipeline_run' does not have a field/s by name/s 'current_milestone'
45
exception while waiting for pipeline node The entity type 'pipeline_run' does not have a field/s by name/s 'current_milestone'
44
exception while waiting for pipeline node The entity type 'pipeline_run' does not have a field/s by name/s 'current_milestone'
43
exception while waiting for pipeline node The entity type 'pipeline_run' does not have a field/s by name/s 'current_milestone'
42
exception while waiting for pipeline node The entity type 'pipeline_run' does not have a field/s by name/s 'current_milestone'
41
exception while waiting for pipeline node The entity type 'pipeline_run' does not have a field/s by name/s 'current_milestone'
40
exception while waiting for pipeline node The entity type 'pipeline_run' does not have a field/s by name/s 'current_milestone'
39
exception while waiting for pipeline node The entity type 'pipeline_run' does not have a field/s by name/s 'current_milestone'
38
exception while waiting for pipeline node The entity type 'pipeline_run' does not have a field/s by name/s 'current_milestone'
37
exception while waiting for pipeline node The entity type 'pipeline_run' does not have a field/s by name/s 'current_milestone'
36
exception while waiting for pipeline node The entity type 'pipeline_run' does not have a field/s by name/s 'current_milestone'
35
exception while waiting for pipeline node The entity type 'pipeline_run' does not have a field/s by name/s 'current_milestone'
34
exception while waiting for pipeline node The entity type 'pipeline_run' does not have a field/s by name/s 'current_milestone'
33
exception while waiting for pipeline node The entity type 'pipeline_run' does not have a field/s by name/s 'current_milestone'
32
exception while waiting for pipeline node The entity type 'pipeline_run' does not have a field/s by name/s 'current_milestone'
31
exception while waiting for pipeline node The entity type 'pipeline_run' does not have a field/s by name/s 'current_milestone'
30
exception while waiting for pipeline node The entity type 'pipeline_run' does not have a field/s by name/s 'current_milestone'
29
exception while waiting for pipeline node The entity type 'pipeline_run' does not have a field/s by name/s 'current_milestone'
28
exception while waiting for pipeline node The entity type 'pipeline_run' does not have a field/s by name/s 'current_milestone'
27
exception while waiting for pipeline node The entity type 'pipeline_run' does not have a field/s by name/s 'current_milestone'
26
exception while waiting for pipeline node The entity type 'pipeline_run' does not have a field/s by name/s 'current_milestone'
25
exception while waiting for pipeline node The entity type 'pipeline_run' does not have a field/s by name/s 'current_milestone'
24
exception while waiting for pipeline node The entity type 'pipeline_run' does not have a field/s by name/s 'current_milestone'
23
exception while waiting for pipeline node The entity type 'pipeline_run' does not have a field/s by name/s 'current_milestone'
22
exception while waiting for pipeline node The entity type 'pipeline_run' does not have a field/s by name/s 'current_milestone'
21
exception while waiting for pipeline node The entity type 'pipeline_run' does not have a field/s by name/s 'current_milestone'
20
exception while waiting for pipeline node The entity type 'pipeline_run' does not have a field/s by name/s 'current_milestone'
19
exception while waiting for pipeline node The entity type 'pipeline_run' does not have a field/s by name/s 'current_milestone'
18
exception while waiting for pipeline node The entity type 'pipeline_run' does not have a field/s by name/s 'current_milestone'
17
exception while waiting for pipeline node The entity type 'pipeline_run' does not have a field/s by name/s 'current_milestone'
16
exception while waiting for pipeline node The entity type 'pipeline_run' does not have a field/s by name/s 'current_milestone'
15
exception while waiting for pipeline node The entity type 'pipeline_run' does not have a field/s by name/s 'current_milestone'
14
exception while waiting for pipeline node The entity type 'pipeline_run' does not have a field/s by name/s 'current_milestone'
13
exception while waiting for pipeline node The entity type 'pipeline_run' does not have a field/s by name/s 'current_milestone'
12
exception while waiting for pipeline node The entity type 'pipeline_run' does not have a field/s by name/s 'current_milestone'
11
exception while waiting for pipeline node The entity type 'pipeline_run' does not have a field/s by name/s 'current_milestone'
10
exception while waiting for pipeline node The entity type 'pipeline_run' does not have a field/s by name/s 'current_milestone'
9
exception while waiting for pipeline node The entity type 'pipeline_run' does not have a field/s by name/s 'current_milestone'
8
exception while waiting for pipeline node The entity type 'pipeline_run' does not have a field/s by name/s 'current_milestone'
7
exception while waiting for pipeline node The entity type 'pipeline_run' does not have a field/s by name/s 'current_milestone'
6
exception while waiting for pipeline node The entity type 'pipeline_run' does not have a field/s by name/s 'current_milestone'
5
exception while waiting for pipeline node The entity type 'pipeline_run' does not have a field/s by name/s 'current_milestone'
4
exception while waiting for pipeline node The entity type 'pipeline_run' does not have a field/s by name/s 'current_milestone'
3
exception while waiting for pipeline node The entity type 'pipeline_run' does not have a field/s by name/s 'current_milestone'
2
exception while waiting for pipeline node The entity type 'pipeline_run' does not have a field/s by name/s 'current_milestone'
1
exception while waiting for pipeline node The entity type 'pipeline_run' does not have a field/s by name/s 'current_milestone'
0
]]></system-out>
  </testcase>
  <testcase name="snapshotServiceDeleteTestRunsTest[INDI Analytics]" classname="com.hp.mqm.analytics.devops.insights.services.SnapshotsServiceIT" time="84.008">
    <failure type="java.lang.AssertionError">java.lang.AssertionError
	at org.junit.Assert.fail(Assert.java:86)
	at org.junit.Assert.assertTrue(Assert.java:41)
	at org.junit.Assert.assertNotNull(Assert.java:712)
	at org.junit.Assert.assertNotNull(Assert.java:722)
	at com.hp.mqm.analytics.devops.insights.services.SnapshotsServiceIT.snapshotServiceDeleteTestRunsTest(SnapshotsServiceIT.java:395)
	at sun.reflect.NativeMethodAccessorImpl.invoke0(Native Method)
	at sun.reflect.NativeMethodAccessorImpl.invoke(NativeMethodAccessorImpl.java:62)
	at sun.reflect.DelegatingMethodAccessorImpl.invoke(DelegatingMethodAccessorImpl.java:43)
	at java.lang.reflect.Method.invoke(Method.java:497)
	at org.junit.runners.model.FrameworkMethod$1.runReflectiveCall(FrameworkMethod.java:50)
	at org.junit.internal.runners.model.ReflectiveCallable.run(ReflectiveCallable.java:12)
	at org.junit.runners.model.FrameworkMethod.invokeExplosively(FrameworkMethod.java:47)
	at org.junit.internal.runners.statements.InvokeMethod.evaluate(InvokeMethod.java:17)
	at org.junit.internal.runners.statements.RunBefores.evaluate(RunBefores.java:26)
	at org.junit.rules.TestWatcher$1.evaluate(TestWatcher.java:55)
	at org.junit.rules.RunRules.evaluate(RunRules.java:20)
	at org.junit.runners.ParentRunner.runLeaf(ParentRunner.java:325)
	at org.junit.runners.BlockJUnit4ClassRunner.runChild(BlockJUnit4ClassRunner.java:78)
	at junitparams.JUnitParamsRunner.runChild(JUnitParamsRunner.java:416)
	at junitparams.JUnitParamsRunner.runChild(JUnitParamsRunner.java:385)
	at org.junit.runners.ParentRunner$3.run(ParentRunner.java:290)
	at org.junit.runners.ParentRunner$1.schedule(ParentRunner.java:71)
	at org.junit.runners.ParentRunner.runChildren(ParentRunner.java:288)
	at org.junit.runners.ParentRunner.access$000(ParentRunner.java:58)
	at org.junit.runners.ParentRunner$2.evaluate(ParentRunner.java:268)
	at org.junit.internal.runners.statements.RunBefores.evaluate(RunBefores.java:26)
	at org.junit.internal.runners.statements.RunAfters.evaluate(RunAfters.java:27)
	at org.junit.runners.ParentRunner.run(ParentRunner.java:363)
	at org.junit.runners.Suite.runChild(Suite.java:128)
	at org.junit.runners.Suite.runChild(Suite.java:27)
	at org.junit.runners.ParentRunner$3.run(ParentRunner.java:290)
	at org.junit.runners.ParentRunner$1.schedule(ParentRunner.java:71)
	at org.junit.runners.ParentRunner.runChildren(ParentRunner.java:288)
	at org.junit.runners.ParentRunner.access$000(ParentRunner.java:58)
	at org.junit.runners.ParentRunner$2.evaluate(ParentRunner.java:268)
	at org.junit.runners.ParentRunner.run(ParentRunner.java:363)
	at org.apache.maven.surefire.junitcore.JUnitCore.run(JUnitCore.java:55)
	at org.apache.maven.surefire.junitcore.JUnitCoreWrapper.createRequestAndRun(JUnitCoreWrapper.java:137)
	at org.apache.maven.surefire.junitcore.JUnitCoreWrapper.executeLazy(JUnitCoreWrapper.java:119)
	at org.apache.maven.surefire.junitcore.JUnitCoreWrapper.execute(JUnitCoreWrapper.java:87)
	at org.apache.maven.surefire.junitcore.JUnitCoreWrapper.execute(JUnitCoreWrapper.java:75)
	at org.apache.maven.surefire.junitcore.JUnitCoreProvider.invoke(JUnitCoreProvider.java:158)
	at org.apache.maven.surefire.booter.ForkedBooter.invokeProviderInSameClassLoader(ForkedBooter.java:384)
	at org.apache.maven.surefire.booter.ForkedBooter.runSuitesInProcess(ForkedBooter.java:345)
	at org.apache.maven.surefire.booter.ForkedBooter.execute(ForkedBooter.java:126)
	at org.apache.maven.surefire.booter.ForkedBooter.main(ForkedBooter.java:418)
</failure>
    <system-out><![CDATA[[FLOW] [209] MQM Context already initialized for class: SnapshotsServiceIT #context data: [sharedspace id: 1002; workspace id: 2002] #current context: [sharedspace id: 1002; workspace id: 2002]
149
exception while waiting for pipeline node The entity type 'pipeline_run' does not have a field/s by name/s 'current_milestone'
148
exception while waiting for pipeline node The entity type 'pipeline_run' does not have a field/s by name/s 'current_milestone'
147
exception while waiting for pipeline node The entity type 'pipeline_run' does not have a field/s by name/s 'current_milestone'
146
exception while waiting for pipeline node The entity type 'pipeline_run' does not have a field/s by name/s 'current_milestone'
145
exception while waiting for pipeline node The entity type 'pipeline_run' does not have a field/s by name/s 'current_milestone'
144
exception while waiting for pipeline node The entity type 'pipeline_run' does not have a field/s by name/s 'current_milestone'
143
exception while waiting for pipeline node The entity type 'pipeline_run' does not have a field/s by name/s 'current_milestone'
142
exception while waiting for pipeline node The entity type 'pipeline_run' does not have a field/s by name/s 'current_milestone'
141
exception while waiting for pipeline node The entity type 'pipeline_run' does not have a field/s by name/s 'current_milestone'
140
exception while waiting for pipeline node The entity type 'pipeline_run' does not have a field/s by name/s 'current_milestone'
139
exception while waiting for pipeline node The entity type 'pipeline_run' does not have a field/s by name/s 'current_milestone'
138
exception while waiting for pipeline node The entity type 'pipeline_run' does not have a field/s by name/s 'current_milestone'
137
exception while waiting for pipeline node The entity type 'pipeline_run' does not have a field/s by name/s 'current_milestone'
136
exception while waiting for pipeline node The entity type 'pipeline_run' does not have a field/s by name/s 'current_milestone'
135
exception while waiting for pipeline node The entity type 'pipeline_run' does not have a field/s by name/s 'current_milestone'
134
exception while waiting for pipeline node The entity type 'pipeline_run' does not have a field/s by name/s 'current_milestone'
133
exception while waiting for pipeline node The entity type 'pipeline_run' does not have a field/s by name/s 'current_milestone'
132
exception while waiting for pipeline node The entity type 'pipeline_run' does not have a field/s by name/s 'current_milestone'
131
exception while waiting for pipeline node The entity type 'pipeline_run' does not have a field/s by name/s 'current_milestone'
130
exception while waiting for pipeline node The entity type 'pipeline_run' does not have a field/s by name/s 'current_milestone'
129
exception while waiting for pipeline node The entity type 'pipeline_run' does not have a field/s by name/s 'current_milestone'
128
exception while waiting for pipeline node The entity type 'pipeline_run' does not have a field/s by name/s 'current_milestone'
127
exception while waiting for pipeline node The entity type 'pipeline_run' does not have a field/s by name/s 'current_milestone'
126
exception while waiting for pipeline node The entity type 'pipeline_run' does not have a field/s by name/s 'current_milestone'
125
exception while waiting for pipeline node The entity type 'pipeline_run' does not have a field/s by name/s 'current_milestone'
124
exception while waiting for pipeline node The entity type 'pipeline_run' does not have a field/s by name/s 'current_milestone'
123
exception while waiting for pipeline node The entity type 'pipeline_run' does not have a field/s by name/s 'current_milestone'
122
exception while waiting for pipeline node The entity type 'pipeline_run' does not have a field/s by name/s 'current_milestone'
121
exception while waiting for pipeline node The entity type 'pipeline_run' does not have a field/s by name/s 'current_milestone'
120
exception while waiting for pipeline node The entity type 'pipeline_run' does not have a field/s by name/s 'current_milestone'
119
exception while waiting for pipeline node The entity type 'pipeline_run' does not have a field/s by name/s 'current_milestone'
118
exception while waiting for pipeline node The entity type 'pipeline_run' does not have a field/s by name/s 'current_milestone'
117
exception while waiting for pipeline node The entity type 'pipeline_run' does not have a field/s by name/s 'current_milestone'
116
exception while waiting for pipeline node The entity type 'pipeline_run' does not have a field/s by name/s 'current_milestone'
115
exception while waiting for pipeline node The entity type 'pipeline_run' does not have a field/s by name/s 'current_milestone'
114
exception while waiting for pipeline node The entity type 'pipeline_run' does not have a field/s by name/s 'current_milestone'
113
exception while waiting for pipeline node The entity type 'pipeline_run' does not have a field/s by name/s 'current_milestone'
112
exception while waiting for pipeline node The entity type 'pipeline_run' does not have a field/s by name/s 'current_milestone'
111
exception while waiting for pipeline node The entity type 'pipeline_run' does not have a field/s by name/s 'current_milestone'
110
exception while waiting for pipeline node The entity type 'pipeline_run' does not have a field/s by name/s 'current_milestone'
109
exception while waiting for pipeline node The entity type 'pipeline_run' does not have a field/s by name/s 'current_milestone'
108
exception while waiting for pipeline node The entity type 'pipeline_run' does not have a field/s by name/s 'current_milestone'
107
exception while waiting for pipeline node The entity type 'pipeline_run' does not have a field/s by name/s 'current_milestone'
106
exception while waiting for pipeline node The entity type 'pipeline_run' does not have a field/s by name/s 'current_milestone'
105
exception while waiting for pipeline node The entity type 'pipeline_run' does not have a field/s by name/s 'current_milestone'
104
exception while waiting for pipeline node The entity type 'pipeline_run' does not have a field/s by name/s 'current_milestone'
103
exception while waiting for pipeline node The entity type 'pipeline_run' does not have a field/s by name/s 'current_milestone'
102
exception while waiting for pipeline node The entity type 'pipeline_run' does not have a field/s by name/s 'current_milestone'
101
exception while waiting for pipeline node The entity type 'pipeline_run' does not have a field/s by name/s 'current_milestone'
100
exception while waiting for pipeline node The entity type 'pipeline_run' does not have a field/s by name/s 'current_milestone'
99
exception while waiting for pipeline node The entity type 'pipeline_run' does not have a field/s by name/s 'current_milestone'
98
exception while waiting for pipeline node The entity type 'pipeline_run' does not have a field/s by name/s 'current_milestone'
97
exception while waiting for pipeline node The entity type 'pipeline_run' does not have a field/s by name/s 'current_milestone'
96
exception while waiting for pipeline node The entity type 'pipeline_run' does not have a field/s by name/s 'current_milestone'
95
exception while waiting for pipeline node The entity type 'pipeline_run' does not have a field/s by name/s 'current_milestone'
94
exception while waiting for pipeline node The entity type 'pipeline_run' does not have a field/s by name/s 'current_milestone'
93
exception while waiting for pipeline node The entity type 'pipeline_run' does not have a field/s by name/s 'current_milestone'
92
exception while waiting for pipeline node The entity type 'pipeline_run' does not have a field/s by name/s 'current_milestone'
91
exception while waiting for pipeline node The entity type 'pipeline_run' does not have a field/s by name/s 'current_milestone'
90
exception while waiting for pipeline node The entity type 'pipeline_run' does not have a field/s by name/s 'current_milestone'
89
exception while waiting for pipeline node The entity type 'pipeline_run' does not have a field/s by name/s 'current_milestone'
88
exception while waiting for pipeline node The entity type 'pipeline_run' does not have a field/s by name/s 'current_milestone'
87
exception while waiting for pipeline node The entity type 'pipeline_run' does not have a field/s by name/s 'current_milestone'
86
exception while waiting for pipeline node The entity type 'pipeline_run' does not have a field/s by name/s 'current_milestone'
85
exception while waiting for pipeline node The entity type 'pipeline_run' does not have a field/s by name/s 'current_milestone'
84
exception while waiting for pipeline node The entity type 'pipeline_run' does not have a field/s by name/s 'current_milestone'
83
exception while waiting for pipeline node The entity type 'pipeline_run' does not have a field/s by name/s 'current_milestone'
82
exception while waiting for pipeline node The entity type 'pipeline_run' does not have a field/s by name/s 'current_milestone'
81
exception while waiting for pipeline node The entity type 'pipeline_run' does not have a field/s by name/s 'current_milestone'
80
exception while waiting for pipeline node The entity type 'pipeline_run' does not have a field/s by name/s 'current_milestone'
79
exception while waiting for pipeline node The entity type 'pipeline_run' does not have a field/s by name/s 'current_milestone'
78
exception while waiting for pipeline node The entity type 'pipeline_run' does not have a field/s by name/s 'current_milestone'
77
exception while waiting for pipeline node The entity type 'pipeline_run' does not have a field/s by name/s 'current_milestone'
76
exception while waiting for pipeline node The entity type 'pipeline_run' does not have a field/s by name/s 'current_milestone'
75
exception while waiting for pipeline node The entity type 'pipeline_run' does not have a field/s by name/s 'current_milestone'
74
exception while waiting for pipeline node The entity type 'pipeline_run' does not have a field/s by name/s 'current_milestone'
73
exception while waiting for pipeline node The entity type 'pipeline_run' does not have a field/s by name/s 'current_milestone'
72
exception while waiting for pipeline node The entity type 'pipeline_run' does not have a field/s by name/s 'current_milestone'
71
exception while waiting for pipeline node The entity type 'pipeline_run' does not have a field/s by name/s 'current_milestone'
70
exception while waiting for pipeline node The entity type 'pipeline_run' does not have a field/s by name/s 'current_milestone'
69
exception while waiting for pipeline node The entity type 'pipeline_run' does not have a field/s by name/s 'current_milestone'
68
exception while waiting for pipeline node The entity type 'pipeline_run' does not have a field/s by name/s 'current_milestone'
67
exception while waiting for pipeline node The entity type 'pipeline_run' does not have a field/s by name/s 'current_milestone'
66
exception while waiting for pipeline node The entity type 'pipeline_run' does not have a field/s by name/s 'current_milestone'
65
exception while waiting for pipeline node The entity type 'pipeline_run' does not have a field/s by name/s 'current_milestone'
64
exception while waiting for pipeline node The entity type 'pipeline_run' does not have a field/s by name/s 'current_milestone'
63
exception while waiting for pipeline node The entity type 'pipeline_run' does not have a field/s by name/s 'current_milestone'
62
exception while waiting for pipeline node The entity type 'pipeline_run' does not have a field/s by name/s 'current_milestone'
61
exception while waiting for pipeline node The entity type 'pipeline_run' does not have a field/s by name/s 'current_milestone'
60
exception while waiting for pipeline node The entity type 'pipeline_run' does not have a field/s by name/s 'current_milestone'
59
exception while waiting for pipeline node The entity type 'pipeline_run' does not have a field/s by name/s 'current_milestone'
58
exception while waiting for pipeline node The entity type 'pipeline_run' does not have a field/s by name/s 'current_milestone'
57
exception while waiting for pipeline node The entity type 'pipeline_run' does not have a field/s by name/s 'current_milestone'
56
exception while waiting for pipeline node The entity type 'pipeline_run' does not have a field/s by name/s 'current_milestone'
55
exception while waiting for pipeline node The entity type 'pipeline_run' does not have a field/s by name/s 'current_milestone'
54
exception while waiting for pipeline node The entity type 'pipeline_run' does not have a field/s by name/s 'current_milestone'
53
exception while waiting for pipeline node The entity type 'pipeline_run' does not have a field/s by name/s 'current_milestone'
52
exception while waiting for pipeline node The entity type 'pipeline_run' does not have a field/s by name/s 'current_milestone'
51
exception while waiting for pipeline node The entity type 'pipeline_run' does not have a field/s by name/s 'current_milestone'
50
exception while waiting for pipeline node The entity type 'pipeline_run' does not have a field/s by name/s 'current_milestone'
49
exception while waiting for pipeline node The entity type 'pipeline_run' does not have a field/s by name/s 'current_milestone'
48
exception while waiting for pipeline node The entity type 'pipeline_run' does not have a field/s by name/s 'current_milestone'
47
exception while waiting for pipeline node The entity type 'pipeline_run' does not have a field/s by name/s 'current_milestone'
46
exception while waiting for pipeline node The entity type 'pipeline_run' does not have a field/s by name/s 'current_milestone'
45
exception while waiting for pipeline node The entity type 'pipeline_run' does not have a field/s by name/s 'current_milestone'
44
exception while waiting for pipeline node The entity type 'pipeline_run' does not have a field/s by name/s 'current_milestone'
43
exception while waiting for pipeline node The entity type 'pipeline_run' does not have a field/s by name/s 'current_milestone'
42
exception while waiting for pipeline node The entity type 'pipeline_run' does not have a field/s by name/s 'current_milestone'
41
exception while waiting for pipeline node The entity type 'pipeline_run' does not have a field/s by name/s 'current_milestone'
40
exception while waiting for pipeline node The entity type 'pipeline_run' does not have a field/s by name/s 'current_milestone'
39
exception while waiting for pipeline node The entity type 'pipeline_run' does not have a field/s by name/s 'current_milestone'
38
exception while waiting for pipeline node The entity type 'pipeline_run' does not have a field/s by name/s 'current_milestone'
37
exception while waiting for pipeline node The entity type 'pipeline_run' does not have a field/s by name/s 'current_milestone'
36
exception while waiting for pipeline node The entity type 'pipeline_run' does not have a field/s by name/s 'current_milestone'
35
exception while waiting for pipeline node The entity type 'pipeline_run' does not have a field/s by name/s 'current_milestone'
34
exception while waiting for pipeline node The entity type 'pipeline_run' does not have a field/s by name/s 'current_milestone'
33
exception while waiting for pipeline node The entity type 'pipeline_run' does not have a field/s by name/s 'current_milestone'
32
exception while waiting for pipeline node The entity type 'pipeline_run' does not have a field/s by name/s 'current_milestone'
31
exception while waiting for pipeline node The entity type 'pipeline_run' does not have a field/s by name/s 'current_milestone'
30
exception while waiting for pipeline node The entity type 'pipeline_run' does not have a field/s by name/s 'current_milestone'
29
exception while waiting for pipeline node The entity type 'pipeline_run' does not have a field/s by name/s 'current_milestone'
28
exception while waiting for pipeline node The entity type 'pipeline_run' does not have a field/s by name/s 'current_milestone'
27
exception while waiting for pipeline node The entity type 'pipeline_run' does not have a field/s by name/s 'current_milestone'
26
exception while waiting for pipeline node The entity type 'pipeline_run' does not have a field/s by name/s 'current_milestone'
25
exception while waiting for pipeline node The entity type 'pipeline_run' does not have a field/s by name/s 'current_milestone'
24
exception while waiting for pipeline node The entity type 'pipeline_run' does not have a field/s by name/s 'current_milestone'
23
exception while waiting for pipeline node The entity type 'pipeline_run' does not have a field/s by name/s 'current_milestone'
22
exception while waiting for pipeline node The entity type 'pipeline_run' does not have a field/s by name/s 'current_milestone'
21
exception while waiting for pipeline node The entity type 'pipeline_run' does not have a field/s by name/s 'current_milestone'
20
exception while waiting for pipeline node The entity type 'pipeline_run' does not have a field/s by name/s 'current_milestone'
19
exception while waiting for pipeline node The entity type 'pipeline_run' does not have a field/s by name/s 'current_milestone'
18
exception while waiting for pipeline node The entity type 'pipeline_run' does not have a field/s by name/s 'current_milestone'
17
exception while waiting for pipeline node The entity type 'pipeline_run' does not have a field/s by name/s 'current_milestone'
16
exception while waiting for pipeline node The entity type 'pipeline_run' does not have a field/s by name/s 'current_milestone'
15
exception while waiting for pipeline node The entity type 'pipeline_run' does not have a field/s by name/s 'current_milestone'
14
exception while waiting for pipeline node The entity type 'pipeline_run' does not have a field/s by name/s 'current_milestone'
13
exception while waiting for pipeline node The entity type 'pipeline_run' does not have a field/s by name/s 'current_milestone'
12
exception while waiting for pipeline node The entity type 'pipeline_run' does not have a field/s by name/s 'current_milestone'
11
exception while waiting for pipeline node The entity type 'pipeline_run' does not have a field/s by name/s 'current_milestone'
10
exception while waiting for pipeline node The entity type 'pipeline_run' does not have a field/s by name/s 'current_milestone'
9
exception while waiting for pipeline node The entity type 'pipeline_run' does not have a field/s by name/s 'current_milestone'
8
exception while waiting for pipeline node The entity type 'pipeline_run' does not have a field/s by name/s 'current_milestone'
7
exception while waiting for pipeline node The entity type 'pipeline_run' does not have a field/s by name/s 'current_milestone'
6
exception while waiting for pipeline node The entity type 'pipeline_run' does not have a field/s by name/s 'current_milestone'
5
exception while waiting for pipeline node The entity type 'pipeline_run' does not have a field/s by name/s 'current_milestone'
4
exception while waiting for pipeline node The entity type 'pipeline_run' does not have a field/s by name/s 'current_milestone'
3
exception while waiting for pipeline node The entity type 'pipeline_run' does not have a field/s by name/s 'current_milestone'
2
exception while waiting for pipeline node The entity type 'pipeline_run' does not have a field/s by name/s 'current_milestone'
1
exception while waiting for pipeline node The entity type 'pipeline_run' does not have a field/s by name/s 'current_milestone'
0
]]></system-out>
  </testcase>
  <testcase name="twoSnapshotCacheFeatureTest[INDI Analytics]" classname="com.hp.mqm.analytics.devops.insights.services.SnapshotsServiceIT" time="84.918">
    <failure type="java.lang.AssertionError">java.lang.AssertionError
	at org.junit.Assert.fail(Assert.java:86)
	at org.junit.Assert.assertTrue(Assert.java:41)
	at org.junit.Assert.assertNotNull(Assert.java:712)
	at org.junit.Assert.assertNotNull(Assert.java:722)
	at com.hp.mqm.analytics.devops.insights.services.SnapshotsServiceIT.twoSnapshotCacheFeatureTest(SnapshotsServiceIT.java:310)
	at sun.reflect.NativeMethodAccessorImpl.invoke0(Native Method)
	at sun.reflect.NativeMethodAccessorImpl.invoke(NativeMethodAccessorImpl.java:62)
	at sun.reflect.DelegatingMethodAccessorImpl.invoke(DelegatingMethodAccessorImpl.java:43)
	at java.lang.reflect.Method.invoke(Method.java:497)
	at org.junit.runners.model.FrameworkMethod$1.runReflectiveCall(FrameworkMethod.java:50)
	at org.junit.internal.runners.model.ReflectiveCallable.run(ReflectiveCallable.java:12)
	at org.junit.runners.model.FrameworkMethod.invokeExplosively(FrameworkMethod.java:47)
	at org.junit.internal.runners.statements.InvokeMethod.evaluate(InvokeMethod.java:17)
	at org.junit.internal.runners.statements.RunBefores.evaluate(RunBefores.java:26)
	at org.junit.rules.TestWatcher$1.evaluate(TestWatcher.java:55)
	at org.junit.rules.RunRules.evaluate(RunRules.java:20)
	at org.junit.runners.ParentRunner.runLeaf(ParentRunner.java:325)
	at org.junit.runners.BlockJUnit4ClassRunner.runChild(BlockJUnit4ClassRunner.java:78)
	at junitparams.JUnitParamsRunner.runChild(JUnitParamsRunner.java:416)
	at junitparams.JUnitParamsRunner.runChild(JUnitParamsRunner.java:385)
	at org.junit.runners.ParentRunner$3.run(ParentRunner.java:290)
	at org.junit.runners.ParentRunner$1.schedule(ParentRunner.java:71)
	at org.junit.runners.ParentRunner.runChildren(ParentRunner.java:288)
	at org.junit.runners.ParentRunner.access$000(ParentRunner.java:58)
	at org.junit.runners.ParentRunner$2.evaluate(ParentRunner.java:268)
	at org.junit.internal.runners.statements.RunBefores.evaluate(RunBefores.java:26)
	at org.junit.internal.runners.statements.RunAfters.evaluate(RunAfters.java:27)
	at org.junit.runners.ParentRunner.run(ParentRunner.java:363)
	at org.junit.runners.Suite.runChild(Suite.java:128)
	at org.junit.runners.Suite.runChild(Suite.java:27)
	at org.junit.runners.ParentRunner$3.run(ParentRunner.java:290)
	at org.junit.runners.ParentRunner$1.schedule(ParentRunner.java:71)
	at org.junit.runners.ParentRunner.runChildren(ParentRunner.java:288)
	at org.junit.runners.ParentRunner.access$000(ParentRunner.java:58)
	at org.junit.runners.ParentRunner$2.evaluate(ParentRunner.java:268)
	at org.junit.runners.ParentRunner.run(ParentRunner.java:363)
	at org.apache.maven.surefire.junitcore.JUnitCore.run(JUnitCore.java:55)
	at org.apache.maven.surefire.junitcore.JUnitCoreWrapper.createRequestAndRun(JUnitCoreWrapper.java:137)
	at org.apache.maven.surefire.junitcore.JUnitCoreWrapper.executeLazy(JUnitCoreWrapper.java:119)
	at org.apache.maven.surefire.junitcore.JUnitCoreWrapper.execute(JUnitCoreWrapper.java:87)
	at org.apache.maven.surefire.junitcore.JUnitCoreWrapper.execute(JUnitCoreWrapper.java:75)
	at org.apache.maven.surefire.junitcore.JUnitCoreProvider.invoke(JUnitCoreProvider.java:158)
	at org.apache.maven.surefire.booter.ForkedBooter.invokeProviderInSameClassLoader(ForkedBooter.java:384)
	at org.apache.maven.surefire.booter.ForkedBooter.runSuitesInProcess(ForkedBooter.java:345)
	at org.apache.maven.surefire.booter.ForkedBooter.execute(ForkedBooter.java:126)
	at org.apache.maven.surefire.booter.ForkedBooter.main(ForkedBooter.java:418)
</failure>
    <system-out><![CDATA[[FLOW] [210] MQM Context already initialized for class: SnapshotsServiceIT #context data: [sharedspace id: 1002; workspace id: 2002] #current context: [sharedspace id: 1002; workspace id: 2002]
exception while waiting for snapshot The entity type 'pipeline_run' does not have a field/s by name/s 'current_milestone'
149
exception while waiting for snapshot The entity type 'pipeline_run' does not have a field/s by name/s 'current_milestone'
148
exception while waiting for snapshot The entity type 'pipeline_run' does not have a field/s by name/s 'current_milestone'
147
exception while waiting for snapshot The entity type 'pipeline_run' does not have a field/s by name/s 'current_milestone'
146
exception while waiting for snapshot The entity type 'pipeline_run' does not have a field/s by name/s 'current_milestone'
145
exception while waiting for snapshot The entity type 'pipeline_run' does not have a field/s by name/s 'current_milestone'
144
exception while waiting for snapshot The entity type 'pipeline_run' does not have a field/s by name/s 'current_milestone'
143
exception while waiting for snapshot The entity type 'pipeline_run' does not have a field/s by name/s 'current_milestone'
142
exception while waiting for snapshot The entity type 'pipeline_run' does not have a field/s by name/s 'current_milestone'
141
exception while waiting for snapshot The entity type 'pipeline_run' does not have a field/s by name/s 'current_milestone'
140
exception while waiting for snapshot The entity type 'pipeline_run' does not have a field/s by name/s 'current_milestone'
139
exception while waiting for snapshot The entity type 'pipeline_run' does not have a field/s by name/s 'current_milestone'
138
exception while waiting for snapshot The entity type 'pipeline_run' does not have a field/s by name/s 'current_milestone'
137
exception while waiting for snapshot The entity type 'pipeline_run' does not have a field/s by name/s 'current_milestone'
136
exception while waiting for snapshot The entity type 'pipeline_run' does not have a field/s by name/s 'current_milestone'
135
exception while waiting for snapshot The entity type 'pipeline_run' does not have a field/s by name/s 'current_milestone'
134
exception while waiting for snapshot The entity type 'pipeline_run' does not have a field/s by name/s 'current_milestone'
133
exception while waiting for snapshot The entity type 'pipeline_run' does not have a field/s by name/s 'current_milestone'
132
exception while waiting for snapshot The entity type 'pipeline_run' does not have a field/s by name/s 'current_milestone'
131
exception while waiting for snapshot The entity type 'pipeline_run' does not have a field/s by name/s 'current_milestone'
130
exception while waiting for snapshot The entity type 'pipeline_run' does not have a field/s by name/s 'current_milestone'
129
exception while waiting for snapshot The entity type 'pipeline_run' does not have a field/s by name/s 'current_milestone'
128
exception while waiting for snapshot The entity type 'pipeline_run' does not have a field/s by name/s 'current_milestone'
127
exception while waiting for snapshot The entity type 'pipeline_run' does not have a field/s by name/s 'current_milestone'
126
exception while waiting for snapshot The entity type 'pipeline_run' does not have a field/s by name/s 'current_milestone'
125
exception while waiting for snapshot The entity type 'pipeline_run' does not have a field/s by name/s 'current_milestone'
124
exception while waiting for snapshot The entity type 'pipeline_run' does not have a field/s by name/s 'current_milestone'
123
exception while waiting for snapshot The entity type 'pipeline_run' does not have a field/s by name/s 'current_milestone'
122
exception while waiting for snapshot The entity type 'pipeline_run' does not have a field/s by name/s 'current_milestone'
121
exception while waiting for snapshot The entity type 'pipeline_run' does not have a field/s by name/s 'current_milestone'
120
exception while waiting for snapshot The entity type 'pipeline_run' does not have a field/s by name/s 'current_milestone'
119
exception while waiting for snapshot The entity type 'pipeline_run' does not have a field/s by name/s 'current_milestone'
118
exception while waiting for snapshot The entity type 'pipeline_run' does not have a field/s by name/s 'current_milestone'
117
exception while waiting for snapshot The entity type 'pipeline_run' does not have a field/s by name/s 'current_milestone'
116
exception while waiting for snapshot The entity type 'pipeline_run' does not have a field/s by name/s 'current_milestone'
115
exception while waiting for snapshot The entity type 'pipeline_run' does not have a field/s by name/s 'current_milestone'
114
exception while waiting for snapshot The entity type 'pipeline_run' does not have a field/s by name/s 'current_milestone'
113
exception while waiting for snapshot The entity type 'pipeline_run' does not have a field/s by name/s 'current_milestone'
112
exception while waiting for snapshot The entity type 'pipeline_run' does not have a field/s by name/s 'current_milestone'
111
exception while waiting for snapshot The entity type 'pipeline_run' does not have a field/s by name/s 'current_milestone'
110
exception while waiting for snapshot The entity type 'pipeline_run' does not have a field/s by name/s 'current_milestone'
109
exception while waiting for snapshot The entity type 'pipeline_run' does not have a field/s by name/s 'current_milestone'
108
exception while waiting for snapshot The entity type 'pipeline_run' does not have a field/s by name/s 'current_milestone'
107
exception while waiting for snapshot The entity type 'pipeline_run' does not have a field/s by name/s 'current_milestone'
106
exception while waiting for snapshot The entity type 'pipeline_run' does not have a field/s by name/s 'current_milestone'
105
exception while waiting for snapshot The entity type 'pipeline_run' does not have a field/s by name/s 'current_milestone'
104
exception while waiting for snapshot The entity type 'pipeline_run' does not have a field/s by name/s 'current_milestone'
103
exception while waiting for snapshot The entity type 'pipeline_run' does not have a field/s by name/s 'current_milestone'
102
exception while waiting for snapshot The entity type 'pipeline_run' does not have a field/s by name/s 'current_milestone'
101
exception while waiting for snapshot The entity type 'pipeline_run' does not have a field/s by name/s 'current_milestone'
100
exception while waiting for snapshot The entity type 'pipeline_run' does not have a field/s by name/s 'current_milestone'
99
exception while waiting for snapshot The entity type 'pipeline_run' does not have a field/s by name/s 'current_milestone'
98
exception while waiting for snapshot The entity type 'pipeline_run' does not have a field/s by name/s 'current_milestone'
97
exception while waiting for snapshot The entity type 'pipeline_run' does not have a field/s by name/s 'current_milestone'
96
exception while waiting for snapshot The entity type 'pipeline_run' does not have a field/s by name/s 'current_milestone'
95
exception while waiting for snapshot The entity type 'pipeline_run' does not have a field/s by name/s 'current_milestone'
94
exception while waiting for snapshot The entity type 'pipeline_run' does not have a field/s by name/s 'current_milestone'
93
exception while waiting for snapshot The entity type 'pipeline_run' does not have a field/s by name/s 'current_milestone'
92
exception while waiting for snapshot The entity type 'pipeline_run' does not have a field/s by name/s 'current_milestone'
91
exception while waiting for snapshot The entity type 'pipeline_run' does not have a field/s by name/s 'current_milestone'
90
exception while waiting for snapshot The entity type 'pipeline_run' does not have a field/s by name/s 'current_milestone'
89
exception while waiting for snapshot The entity type 'pipeline_run' does not have a field/s by name/s 'current_milestone'
88
exception while waiting for snapshot The entity type 'pipeline_run' does not have a field/s by name/s 'current_milestone'
87
exception while waiting for snapshot The entity type 'pipeline_run' does not have a field/s by name/s 'current_milestone'
86
exception while waiting for snapshot The entity type 'pipeline_run' does not have a field/s by name/s 'current_milestone'
85
exception while waiting for snapshot The entity type 'pipeline_run' does not have a field/s by name/s 'current_milestone'
84
exception while waiting for snapshot The entity type 'pipeline_run' does not have a field/s by name/s 'current_milestone'
83
exception while waiting for snapshot The entity type 'pipeline_run' does not have a field/s by name/s 'current_milestone'
82
exception while waiting for snapshot The entity type 'pipeline_run' does not have a field/s by name/s 'current_milestone'
81
exception while waiting for snapshot The entity type 'pipeline_run' does not have a field/s by name/s 'current_milestone'
80
exception while waiting for snapshot The entity type 'pipeline_run' does not have a field/s by name/s 'current_milestone'
79
exception while waiting for snapshot The entity type 'pipeline_run' does not have a field/s by name/s 'current_milestone'
78
exception while waiting for snapshot The entity type 'pipeline_run' does not have a field/s by name/s 'current_milestone'
77
exception while waiting for snapshot The entity type 'pipeline_run' does not have a field/s by name/s 'current_milestone'
76
exception while waiting for snapshot The entity type 'pipeline_run' does not have a field/s by name/s 'current_milestone'
75
exception while waiting for snapshot The entity type 'pipeline_run' does not have a field/s by name/s 'current_milestone'
74
exception while waiting for snapshot The entity type 'pipeline_run' does not have a field/s by name/s 'current_milestone'
73
exception while waiting for snapshot The entity type 'pipeline_run' does not have a field/s by name/s 'current_milestone'
72
exception while waiting for snapshot The entity type 'pipeline_run' does not have a field/s by name/s 'current_milestone'
71
exception while waiting for snapshot The entity type 'pipeline_run' does not have a field/s by name/s 'current_milestone'
70
exception while waiting for snapshot The entity type 'pipeline_run' does not have a field/s by name/s 'current_milestone'
69
exception while waiting for snapshot The entity type 'pipeline_run' does not have a field/s by name/s 'current_milestone'
68
exception while waiting for snapshot The entity type 'pipeline_run' does not have a field/s by name/s 'current_milestone'
67
exception while waiting for snapshot The entity type 'pipeline_run' does not have a field/s by name/s 'current_milestone'
66
exception while waiting for snapshot The entity type 'pipeline_run' does not have a field/s by name/s 'current_milestone'
65
exception while waiting for snapshot The entity type 'pipeline_run' does not have a field/s by name/s 'current_milestone'
64
exception while waiting for snapshot The entity type 'pipeline_run' does not have a field/s by name/s 'current_milestone'
63
exception while waiting for snapshot The entity type 'pipeline_run' does not have a field/s by name/s 'current_milestone'
62
exception while waiting for snapshot The entity type 'pipeline_run' does not have a field/s by name/s 'current_milestone'
61
exception while waiting for snapshot The entity type 'pipeline_run' does not have a field/s by name/s 'current_milestone'
60
exception while waiting for snapshot The entity type 'pipeline_run' does not have a field/s by name/s 'current_milestone'
59
exception while waiting for snapshot The entity type 'pipeline_run' does not have a field/s by name/s 'current_milestone'
58
exception while waiting for snapshot The entity type 'pipeline_run' does not have a field/s by name/s 'current_milestone'
57
exception while waiting for snapshot The entity type 'pipeline_run' does not have a field/s by name/s 'current_milestone'
56
exception while waiting for snapshot The entity type 'pipeline_run' does not have a field/s by name/s 'current_milestone'
55
exception while waiting for snapshot The entity type 'pipeline_run' does not have a field/s by name/s 'current_milestone'
54
exception while waiting for snapshot The entity type 'pipeline_run' does not have a field/s by name/s 'current_milestone'
53
exception while waiting for snapshot The entity type 'pipeline_run' does not have a field/s by name/s 'current_milestone'
52
exception while waiting for snapshot The entity type 'pipeline_run' does not have a field/s by name/s 'current_milestone'
51
exception while waiting for snapshot The entity type 'pipeline_run' does not have a field/s by name/s 'current_milestone'
50
exception while waiting for snapshot The entity type 'pipeline_run' does not have a field/s by name/s 'current_milestone'
49
exception while waiting for snapshot The entity type 'pipeline_run' does not have a field/s by name/s 'current_milestone'
48
exception while waiting for snapshot The entity type 'pipeline_run' does not have a field/s by name/s 'current_milestone'
47
exception while waiting for snapshot The entity type 'pipeline_run' does not have a field/s by name/s 'current_milestone'
46
exception while waiting for snapshot The entity type 'pipeline_run' does not have a field/s by name/s 'current_milestone'
45
exception while waiting for snapshot The entity type 'pipeline_run' does not have a field/s by name/s 'current_milestone'
44
exception while waiting for snapshot The entity type 'pipeline_run' does not have a field/s by name/s 'current_milestone'
43
exception while waiting for snapshot The entity type 'pipeline_run' does not have a field/s by name/s 'current_milestone'
42
exception while waiting for snapshot The entity type 'pipeline_run' does not have a field/s by name/s 'current_milestone'
41
exception while waiting for snapshot The entity type 'pipeline_run' does not have a field/s by name/s 'current_milestone'
40
exception while waiting for snapshot The entity type 'pipeline_run' does not have a field/s by name/s 'current_milestone'
39
exception while waiting for snapshot The entity type 'pipeline_run' does not have a field/s by name/s 'current_milestone'
38
exception while waiting for snapshot The entity type 'pipeline_run' does not have a field/s by name/s 'current_milestone'
37
exception while waiting for snapshot The entity type 'pipeline_run' does not have a field/s by name/s 'current_milestone'
36
exception while waiting for snapshot The entity type 'pipeline_run' does not have a field/s by name/s 'current_milestone'
35
exception while waiting for snapshot The entity type 'pipeline_run' does not have a field/s by name/s 'current_milestone'
34
exception while waiting for snapshot The entity type 'pipeline_run' does not have a field/s by name/s 'current_milestone'
33
exception while waiting for snapshot The entity type 'pipeline_run' does not have a field/s by name/s 'current_milestone'
32
exception while waiting for snapshot The entity type 'pipeline_run' does not have a field/s by name/s 'current_milestone'
31
exception while waiting for snapshot The entity type 'pipeline_run' does not have a field/s by name/s 'current_milestone'
30
exception while waiting for snapshot The entity type 'pipeline_run' does not have a field/s by name/s 'current_milestone'
29
exception while waiting for snapshot The entity type 'pipeline_run' does not have a field/s by name/s 'current_milestone'
28
exception while waiting for snapshot The entity type 'pipeline_run' does not have a field/s by name/s 'current_milestone'
27
exception while waiting for snapshot The entity type 'pipeline_run' does not have a field/s by name/s 'current_milestone'
26
exception while waiting for snapshot The entity type 'pipeline_run' does not have a field/s by name/s 'current_milestone'
25
exception while waiting for snapshot The entity type 'pipeline_run' does not have a field/s by name/s 'current_milestone'
24
exception while waiting for snapshot The entity type 'pipeline_run' does not have a field/s by name/s 'current_milestone'
23
exception while waiting for snapshot The entity type 'pipeline_run' does not have a field/s by name/s 'current_milestone'
22
exception while waiting for snapshot The entity type 'pipeline_run' does not have a field/s by name/s 'current_milestone'
21
exception while waiting for snapshot The entity type 'pipeline_run' does not have a field/s by name/s 'current_milestone'
20
exception while waiting for snapshot The entity type 'pipeline_run' does not have a field/s by name/s 'current_milestone'
19
exception while waiting for snapshot The entity type 'pipeline_run' does not have a field/s by name/s 'current_milestone'
18
exception while waiting for snapshot The entity type 'pipeline_run' does not have a field/s by name/s 'current_milestone'
17
exception while waiting for snapshot The entity type 'pipeline_run' does not have a field/s by name/s 'current_milestone'
16
exception while waiting for snapshot The entity type 'pipeline_run' does not have a field/s by name/s 'current_milestone'
15
exception while waiting for snapshot The entity type 'pipeline_run' does not have a field/s by name/s 'current_milestone'
14
exception while waiting for snapshot The entity type 'pipeline_run' does not have a field/s by name/s 'current_milestone'
13
exception while waiting for snapshot The entity type 'pipeline_run' does not have a field/s by name/s 'current_milestone'
12
exception while waiting for snapshot The entity type 'pipeline_run' does not have a field/s by name/s 'current_milestone'
11
exception while waiting for snapshot The entity type 'pipeline_run' does not have a field/s by name/s 'current_milestone'
10
exception while waiting for snapshot The entity type 'pipeline_run' does not have a field/s by name/s 'current_milestone'
9
exception while waiting for snapshot The entity type 'pipeline_run' does not have a field/s by name/s 'current_milestone'
8
exception while waiting for snapshot The entity type 'pipeline_run' does not have a field/s by name/s 'current_milestone'
7
exception while waiting for snapshot The entity type 'pipeline_run' does not have a field/s by name/s 'current_milestone'
6
exception while waiting for snapshot The entity type 'pipeline_run' does not have a field/s by name/s 'current_milestone'
5
exception while waiting for snapshot The entity type 'pipeline_run' does not have a field/s by name/s 'current_milestone'
4
exception while waiting for snapshot The entity type 'pipeline_run' does not have a field/s by name/s 'current_milestone'
3
exception while waiting for snapshot The entity type 'pipeline_run' does not have a field/s by name/s 'current_milestone'
2
exception while waiting for snapshot The entity type 'pipeline_run' does not have a field/s by name/s 'current_milestone'
1
exception while waiting for snapshot The entity type 'pipeline_run' does not have a field/s by name/s 'current_milestone'
0
unable to retrieve snapshot
]]></system-out>
  </testcase>
  <testcase name="snapshotServiceReadSnapshotByBuildTest[INDI Analytics]" classname="com.hp.mqm.analytics.devops.insights.services.SnapshotsServiceIT" time="81.319">
    <failure type="java.lang.AssertionError">java.lang.AssertionError
	at org.junit.Assert.fail(Assert.java:86)
	at org.junit.Assert.assertTrue(Assert.java:41)
	at org.junit.Assert.assertNotNull(Assert.java:712)
	at org.junit.Assert.assertNotNull(Assert.java:722)
	at com.hp.mqm.analytics.devops.insights.services.SnapshotsServiceIT.snapshotServiceReadSnapshotByBuildTest(SnapshotsServiceIT.java:218)
	at sun.reflect.NativeMethodAccessorImpl.invoke0(Native Method)
	at sun.reflect.NativeMethodAccessorImpl.invoke(NativeMethodAccessorImpl.java:62)
	at sun.reflect.DelegatingMethodAccessorImpl.invoke(DelegatingMethodAccessorImpl.java:43)
	at java.lang.reflect.Method.invoke(Method.java:497)
	at org.junit.runners.model.FrameworkMethod$1.runReflectiveCall(FrameworkMethod.java:50)
	at org.junit.internal.runners.model.ReflectiveCallable.run(ReflectiveCallable.java:12)
	at org.junit.runners.model.FrameworkMethod.invokeExplosively(FrameworkMethod.java:47)
	at org.junit.internal.runners.statements.InvokeMethod.evaluate(InvokeMethod.java:17)
	at org.junit.internal.runners.statements.RunBefores.evaluate(RunBefores.java:26)
	at org.junit.rules.TestWatcher$1.evaluate(TestWatcher.java:55)
	at org.junit.rules.RunRules.evaluate(RunRules.java:20)
	at org.junit.runners.ParentRunner.runLeaf(ParentRunner.java:325)
	at org.junit.runners.BlockJUnit4ClassRunner.runChild(BlockJUnit4ClassRunner.java:78)
	at junitparams.JUnitParamsRunner.runChild(JUnitParamsRunner.java:416)
	at junitparams.JUnitParamsRunner.runChild(JUnitParamsRunner.java:385)
	at org.junit.runners.ParentRunner$3.run(ParentRunner.java:290)
	at org.junit.runners.ParentRunner$1.schedule(ParentRunner.java:71)
	at org.junit.runners.ParentRunner.runChildren(ParentRunner.java:288)
	at org.junit.runners.ParentRunner.access$000(ParentRunner.java:58)
	at org.junit.runners.ParentRunner$2.evaluate(ParentRunner.java:268)
	at org.junit.internal.runners.statements.RunBefores.evaluate(RunBefores.java:26)
	at org.junit.internal.runners.statements.RunAfters.evaluate(RunAfters.java:27)
	at org.junit.runners.ParentRunner.run(ParentRunner.java:363)
	at org.junit.runners.Suite.runChild(Suite.java:128)
	at org.junit.runners.Suite.runChild(Suite.java:27)
	at org.junit.runners.ParentRunner$3.run(ParentRunner.java:290)
	at org.junit.runners.ParentRunner$1.schedule(ParentRunner.java:71)
	at org.junit.runners.ParentRunner.runChildren(ParentRunner.java:288)
	at org.junit.runners.ParentRunner.access$000(ParentRunner.java:58)
	at org.junit.runners.ParentRunner$2.evaluate(ParentRunner.java:268)
	at org.junit.runners.ParentRunner.run(ParentRunner.java:363)
	at org.apache.maven.surefire.junitcore.JUnitCore.run(JUnitCore.java:55)
	at org.apache.maven.surefire.junitcore.JUnitCoreWrapper.createRequestAndRun(JUnitCoreWrapper.java:137)
	at org.apache.maven.surefire.junitcore.JUnitCoreWrapper.executeLazy(JUnitCoreWrapper.java:119)
	at org.apache.maven.surefire.junitcore.JUnitCoreWrapper.execute(JUnitCoreWrapper.java:87)
	at org.apache.maven.surefire.junitcore.JUnitCoreWrapper.execute(JUnitCoreWrapper.java:75)
	at org.apache.maven.surefire.junitcore.JUnitCoreProvider.invoke(JUnitCoreProvider.java:158)
	at org.apache.maven.surefire.booter.ForkedBooter.invokeProviderInSameClassLoader(ForkedBooter.java:384)
	at org.apache.maven.surefire.booter.ForkedBooter.runSuitesInProcess(ForkedBooter.java:345)
	at org.apache.maven.surefire.booter.ForkedBooter.execute(ForkedBooter.java:126)
	at org.apache.maven.surefire.booter.ForkedBooter.main(ForkedBooter.java:418)
</failure>
    <system-out><![CDATA[[FLOW] [211] MQM Context already initialized for class: SnapshotsServiceIT #context data: [sharedspace id: 1002; workspace id: 2002] #current context: [sharedspace id: 1002; workspace id: 2002]
exception while waiting for snapshot The entity type 'pipeline_run' does not have a field/s by name/s 'current_milestone'
149
exception while waiting for snapshot The entity type 'pipeline_run' does not have a field/s by name/s 'current_milestone'
148
exception while waiting for snapshot The entity type 'pipeline_run' does not have a field/s by name/s 'current_milestone'
147
exception while waiting for snapshot The entity type 'pipeline_run' does not have a field/s by name/s 'current_milestone'
146
exception while waiting for snapshot The entity type 'pipeline_run' does not have a field/s by name/s 'current_milestone'
145
exception while waiting for snapshot The entity type 'pipeline_run' does not have a field/s by name/s 'current_milestone'
144
exception while waiting for snapshot The entity type 'pipeline_run' does not have a field/s by name/s 'current_milestone'
143
exception while waiting for snapshot The entity type 'pipeline_run' does not have a field/s by name/s 'current_milestone'
142
exception while waiting for snapshot The entity type 'pipeline_run' does not have a field/s by name/s 'current_milestone'
141
exception while waiting for snapshot The entity type 'pipeline_run' does not have a field/s by name/s 'current_milestone'
140
exception while waiting for snapshot The entity type 'pipeline_run' does not have a field/s by name/s 'current_milestone'
139
exception while waiting for snapshot The entity type 'pipeline_run' does not have a field/s by name/s 'current_milestone'
138
exception while waiting for snapshot The entity type 'pipeline_run' does not have a field/s by name/s 'current_milestone'
137
exception while waiting for snapshot The entity type 'pipeline_run' does not have a field/s by name/s 'current_milestone'
136
exception while waiting for snapshot The entity type 'pipeline_run' does not have a field/s by name/s 'current_milestone'
135
exception while waiting for snapshot The entity type 'pipeline_run' does not have a field/s by name/s 'current_milestone'
134
exception while waiting for snapshot The entity type 'pipeline_run' does not have a field/s by name/s 'current_milestone'
133
exception while waiting for snapshot The entity type 'pipeline_run' does not have a field/s by name/s 'current_milestone'
132
exception while waiting for snapshot The entity type 'pipeline_run' does not have a field/s by name/s 'current_milestone'
131
exception while waiting for snapshot The entity type 'pipeline_run' does not have a field/s by name/s 'current_milestone'
130
exception while waiting for snapshot The entity type 'pipeline_run' does not have a field/s by name/s 'current_milestone'
129
exception while waiting for snapshot The entity type 'pipeline_run' does not have a field/s by name/s 'current_milestone'
128
exception while waiting for snapshot The entity type 'pipeline_run' does not have a field/s by name/s 'current_milestone'
127
exception while waiting for snapshot The entity type 'pipeline_run' does not have a field/s by name/s 'current_milestone'
126
exception while waiting for snapshot The entity type 'pipeline_run' does not have a field/s by name/s 'current_milestone'
125
exception while waiting for snapshot The entity type 'pipeline_run' does not have a field/s by name/s 'current_milestone'
124
exception while waiting for snapshot The entity type 'pipeline_run' does not have a field/s by name/s 'current_milestone'
123
exception while waiting for snapshot The entity type 'pipeline_run' does not have a field/s by name/s 'current_milestone'
122
exception while waiting for snapshot The entity type 'pipeline_run' does not have a field/s by name/s 'current_milestone'
121
exception while waiting for snapshot The entity type 'pipeline_run' does not have a field/s by name/s 'current_milestone'
120
exception while waiting for snapshot The entity type 'pipeline_run' does not have a field/s by name/s 'current_milestone'
119
exception while waiting for snapshot The entity type 'pipeline_run' does not have a field/s by name/s 'current_milestone'
118
exception while waiting for snapshot The entity type 'pipeline_run' does not have a field/s by name/s 'current_milestone'
117
exception while waiting for snapshot The entity type 'pipeline_run' does not have a field/s by name/s 'current_milestone'
116
exception while waiting for snapshot The entity type 'pipeline_run' does not have a field/s by name/s 'current_milestone'
115
exception while waiting for snapshot The entity type 'pipeline_run' does not have a field/s by name/s 'current_milestone'
114
exception while waiting for snapshot The entity type 'pipeline_run' does not have a field/s by name/s 'current_milestone'
113
exception while waiting for snapshot The entity type 'pipeline_run' does not have a field/s by name/s 'current_milestone'
112
exception while waiting for snapshot The entity type 'pipeline_run' does not have a field/s by name/s 'current_milestone'
111
exception while waiting for snapshot The entity type 'pipeline_run' does not have a field/s by name/s 'current_milestone'
110
exception while waiting for snapshot The entity type 'pipeline_run' does not have a field/s by name/s 'current_milestone'
109
exception while waiting for snapshot The entity type 'pipeline_run' does not have a field/s by name/s 'current_milestone'
108
exception while waiting for snapshot The entity type 'pipeline_run' does not have a field/s by name/s 'current_milestone'
107
exception while waiting for snapshot The entity type 'pipeline_run' does not have a field/s by name/s 'current_milestone'
106
exception while waiting for snapshot The entity type 'pipeline_run' does not have a field/s by name/s 'current_milestone'
105
exception while waiting for snapshot The entity type 'pipeline_run' does not have a field/s by name/s 'current_milestone'
104
exception while waiting for snapshot The entity type 'pipeline_run' does not have a field/s by name/s 'current_milestone'
103
exception while waiting for snapshot The entity type 'pipeline_run' does not have a field/s by name/s 'current_milestone'
102
exception while waiting for snapshot The entity type 'pipeline_run' does not have a field/s by name/s 'current_milestone'
101
exception while waiting for snapshot The entity type 'pipeline_run' does not have a field/s by name/s 'current_milestone'
100
exception while waiting for snapshot The entity type 'pipeline_run' does not have a field/s by name/s 'current_milestone'
99
exception while waiting for snapshot The entity type 'pipeline_run' does not have a field/s by name/s 'current_milestone'
98
exception while waiting for snapshot The entity type 'pipeline_run' does not have a field/s by name/s 'current_milestone'
97
exception while waiting for snapshot The entity type 'pipeline_run' does not have a field/s by name/s 'current_milestone'
96
exception while waiting for snapshot The entity type 'pipeline_run' does not have a field/s by name/s 'current_milestone'
95
exception while waiting for snapshot The entity type 'pipeline_run' does not have a field/s by name/s 'current_milestone'
94
exception while waiting for snapshot The entity type 'pipeline_run' does not have a field/s by name/s 'current_milestone'
93
exception while waiting for snapshot The entity type 'pipeline_run' does not have a field/s by name/s 'current_milestone'
92
exception while waiting for snapshot The entity type 'pipeline_run' does not have a field/s by name/s 'current_milestone'
91
exception while waiting for snapshot The entity type 'pipeline_run' does not have a field/s by name/s 'current_milestone'
90
exception while waiting for snapshot The entity type 'pipeline_run' does not have a field/s by name/s 'current_milestone'
89
exception while waiting for snapshot The entity type 'pipeline_run' does not have a field/s by name/s 'current_milestone'
88
exception while waiting for snapshot The entity type 'pipeline_run' does not have a field/s by name/s 'current_milestone'
87
exception while waiting for snapshot The entity type 'pipeline_run' does not have a field/s by name/s 'current_milestone'
86
exception while waiting for snapshot The entity type 'pipeline_run' does not have a field/s by name/s 'current_milestone'
85
exception while waiting for snapshot The entity type 'pipeline_run' does not have a field/s by name/s 'current_milestone'
84
exception while waiting for snapshot The entity type 'pipeline_run' does not have a field/s by name/s 'current_milestone'
83
exception while waiting for snapshot The entity type 'pipeline_run' does not have a field/s by name/s 'current_milestone'
82
exception while waiting for snapshot The entity type 'pipeline_run' does not have a field/s by name/s 'current_milestone'
81
exception while waiting for snapshot The entity type 'pipeline_run' does not have a field/s by name/s 'current_milestone'
80
exception while waiting for snapshot The entity type 'pipeline_run' does not have a field/s by name/s 'current_milestone'
79
exception while waiting for snapshot The entity type 'pipeline_run' does not have a field/s by name/s 'current_milestone'
78
exception while waiting for snapshot The entity type 'pipeline_run' does not have a field/s by name/s 'current_milestone'
77
exception while waiting for snapshot The entity type 'pipeline_run' does not have a field/s by name/s 'current_milestone'
76
exception while waiting for snapshot The entity type 'pipeline_run' does not have a field/s by name/s 'current_milestone'
75
exception while waiting for snapshot The entity type 'pipeline_run' does not have a field/s by name/s 'current_milestone'
74
exception while waiting for snapshot The entity type 'pipeline_run' does not have a field/s by name/s 'current_milestone'
73
exception while waiting for snapshot The entity type 'pipeline_run' does not have a field/s by name/s 'current_milestone'
72
exception while waiting for snapshot The entity type 'pipeline_run' does not have a field/s by name/s 'current_milestone'
71
exception while waiting for snapshot The entity type 'pipeline_run' does not have a field/s by name/s 'current_milestone'
70
exception while waiting for snapshot The entity type 'pipeline_run' does not have a field/s by name/s 'current_milestone'
69
exception while waiting for snapshot The entity type 'pipeline_run' does not have a field/s by name/s 'current_milestone'
68
exception while waiting for snapshot The entity type 'pipeline_run' does not have a field/s by name/s 'current_milestone'
67
exception while waiting for snapshot The entity type 'pipeline_run' does not have a field/s by name/s 'current_milestone'
66
exception while waiting for snapshot The entity type 'pipeline_run' does not have a field/s by name/s 'current_milestone'
65
exception while waiting for snapshot The entity type 'pipeline_run' does not have a field/s by name/s 'current_milestone'
64
exception while waiting for snapshot The entity type 'pipeline_run' does not have a field/s by name/s 'current_milestone'
63
exception while waiting for snapshot The entity type 'pipeline_run' does not have a field/s by name/s 'current_milestone'
62
exception while waiting for snapshot The entity type 'pipeline_run' does not have a field/s by name/s 'current_milestone'
61
exception while waiting for snapshot The entity type 'pipeline_run' does not have a field/s by name/s 'current_milestone'
60
exception while waiting for snapshot The entity type 'pipeline_run' does not have a field/s by name/s 'current_milestone'
59
exception while waiting for snapshot The entity type 'pipeline_run' does not have a field/s by name/s 'current_milestone'
58
exception while waiting for snapshot The entity type 'pipeline_run' does not have a field/s by name/s 'current_milestone'
57
exception while waiting for snapshot The entity type 'pipeline_run' does not have a field/s by name/s 'current_milestone'
56
exception while waiting for snapshot The entity type 'pipeline_run' does not have a field/s by name/s 'current_milestone'
55
exception while waiting for snapshot The entity type 'pipeline_run' does not have a field/s by name/s 'current_milestone'
54
exception while waiting for snapshot The entity type 'pipeline_run' does not have a field/s by name/s 'current_milestone'
53
exception while waiting for snapshot The entity type 'pipeline_run' does not have a field/s by name/s 'current_milestone'
52
exception while waiting for snapshot The entity type 'pipeline_run' does not have a field/s by name/s 'current_milestone'
51
exception while waiting for snapshot The entity type 'pipeline_run' does not have a field/s by name/s 'current_milestone'
50
exception while waiting for snapshot The entity type 'pipeline_run' does not have a field/s by name/s 'current_milestone'
49
exception while waiting for snapshot The entity type 'pipeline_run' does not have a field/s by name/s 'current_milestone'
48
exception while waiting for snapshot The entity type 'pipeline_run' does not have a field/s by name/s 'current_milestone'
47
exception while waiting for snapshot The entity type 'pipeline_run' does not have a field/s by name/s 'current_milestone'
46
exception while waiting for snapshot The entity type 'pipeline_run' does not have a field/s by name/s 'current_milestone'
45
exception while waiting for snapshot The entity type 'pipeline_run' does not have a field/s by name/s 'current_milestone'
44
exception while waiting for snapshot The entity type 'pipeline_run' does not have a field/s by name/s 'current_milestone'
43
exception while waiting for snapshot The entity type 'pipeline_run' does not have a field/s by name/s 'current_milestone'
42
exception while waiting for snapshot The entity type 'pipeline_run' does not have a field/s by name/s 'current_milestone'
41
exception while waiting for snapshot The entity type 'pipeline_run' does not have a field/s by name/s 'current_milestone'
40
exception while waiting for snapshot The entity type 'pipeline_run' does not have a field/s by name/s 'current_milestone'
39
exception while waiting for snapshot The entity type 'pipeline_run' does not have a field/s by name/s 'current_milestone'
38
exception while waiting for snapshot The entity type 'pipeline_run' does not have a field/s by name/s 'current_milestone'
37
exception while waiting for snapshot The entity type 'pipeline_run' does not have a field/s by name/s 'current_milestone'
36
exception while waiting for snapshot The entity type 'pipeline_run' does not have a field/s by name/s 'current_milestone'
35
exception while waiting for snapshot The entity type 'pipeline_run' does not have a field/s by name/s 'current_milestone'
34
exception while waiting for snapshot The entity type 'pipeline_run' does not have a field/s by name/s 'current_milestone'
33
exception while waiting for snapshot The entity type 'pipeline_run' does not have a field/s by name/s 'current_milestone'
32
exception while waiting for snapshot The entity type 'pipeline_run' does not have a field/s by name/s 'current_milestone'
31
exception while waiting for snapshot The entity type 'pipeline_run' does not have a field/s by name/s 'current_milestone'
30
exception while waiting for snapshot The entity type 'pipeline_run' does not have a field/s by name/s 'current_milestone'
29
exception while waiting for snapshot The entity type 'pipeline_run' does not have a field/s by name/s 'current_milestone'
28
exception while waiting for snapshot The entity type 'pipeline_run' does not have a field/s by name/s 'current_milestone'
27
exception while waiting for snapshot The entity type 'pipeline_run' does not have a field/s by name/s 'current_milestone'
26
exception while waiting for snapshot The entity type 'pipeline_run' does not have a field/s by name/s 'current_milestone'
25
exception while waiting for snapshot The entity type 'pipeline_run' does not have a field/s by name/s 'current_milestone'
24
exception while waiting for snapshot The entity type 'pipeline_run' does not have a field/s by name/s 'current_milestone'
23
exception while waiting for snapshot The entity type 'pipeline_run' does not have a field/s by name/s 'current_milestone'
22
exception while waiting for snapshot The entity type 'pipeline_run' does not have a field/s by name/s 'current_milestone'
21
exception while waiting for snapshot The entity type 'pipeline_run' does not have a field/s by name/s 'current_milestone'
20
exception while waiting for snapshot The entity type 'pipeline_run' does not have a field/s by name/s 'current_milestone'
19
exception while waiting for snapshot The entity type 'pipeline_run' does not have a field/s by name/s 'current_milestone'
18
exception while waiting for snapshot The entity type 'pipeline_run' does not have a field/s by name/s 'current_milestone'
17
exception while waiting for snapshot The entity type 'pipeline_run' does not have a field/s by name/s 'current_milestone'
16
exception while waiting for snapshot The entity type 'pipeline_run' does not have a field/s by name/s 'current_milestone'
15
exception while waiting for snapshot The entity type 'pipeline_run' does not have a field/s by name/s 'current_milestone'
14
exception while waiting for snapshot The entity type 'pipeline_run' does not have a field/s by name/s 'current_milestone'
13
exception while waiting for snapshot The entity type 'pipeline_run' does not have a field/s by name/s 'current_milestone'
12
exception while waiting for snapshot The entity type 'pipeline_run' does not have a field/s by name/s 'current_milestone'
11
exception while waiting for snapshot The entity type 'pipeline_run' does not have a field/s by name/s 'current_milestone'
10
exception while waiting for snapshot The entity type 'pipeline_run' does not have a field/s by name/s 'current_milestone'
9
exception while waiting for snapshot The entity type 'pipeline_run' does not have a field/s by name/s 'current_milestone'
8
exception while waiting for snapshot The entity type 'pipeline_run' does not have a field/s by name/s 'current_milestone'
7
exception while waiting for snapshot The entity type 'pipeline_run' does not have a field/s by name/s 'current_milestone'
6
exception while waiting for snapshot The entity type 'pipeline_run' does not have a field/s by name/s 'current_milestone'
5
exception while waiting for snapshot The entity type 'pipeline_run' does not have a field/s by name/s 'current_milestone'
4
exception while waiting for snapshot The entity type 'pipeline_run' does not have a field/s by name/s 'current_milestone'
3
exception while waiting for snapshot The entity type 'pipeline_run' does not have a field/s by name/s 'current_milestone'
2
exception while waiting for snapshot The entity type 'pipeline_run' does not have a field/s by name/s 'current_milestone'
1
exception while waiting for snapshot The entity type 'pipeline_run' does not have a field/s by name/s 'current_milestone'
0
unable to retrieve snapshot
]]></system-out>
  </testcase>
  <testcase name="testSnapshotCorrespondsToPipelineRun[INDI Analytics]" classname="com.hp.mqm.analytics.devops.insights.services.SnapshotsServiceIT" time="9.34"/>
</testsuite>